<?xml version="1.0" encoding="UTF-8"?>
<testng-results ignored="0" total="1" passed="1" failed="0" skipped="0">
  <reporter-output>
  </reporter-output>
  <suite started-at="2024-08-30T16:17:50 IST" name="Default suite" finished-at="2024-08-30T16:17:50 IST" duration-ms="235">
    <groups>
    </groups>
    <test started-at="2024-08-30T16:17:50 IST" name="Default test" finished-at="2024-08-30T16:17:50 IST" duration-ms="235">
      <class name="com.api.automation.Practice">
        <test-method signature="ApiTest()[pri:0, instance:com.api.automation.Practice@6221a451]" started-at="2024-08-30T16:17:50 IST" name="ApiTest" finished-at="2024-08-30T16:17:50 IST" duration-ms="39" status="PASS">
          <reporter-output>
          </reporter-output>
        </test-method> <!-- ApiTest -->
      </class> <!-- com.api.automation.Practice -->
    </test> <!-- Default test -->
  </suite> <!-- Default suite -->
</testng-results>
